2024-11-02 07:33:48 | INFO     | __main__     | ============================================================
2024-11-02 07:33:48 | INFO     | __main__     | Solana Trading Bot Starting
2024-11-02 07:33:48 | INFO     | __main__     | ============================================================
2024-11-02 07:33:48 | INFO     | __main__     | Log file: logs/trading_bot_20241102_073348.log
2024-11-02 07:33:48 | INFO     | __main__     | Log level: INFO
2024-11-02 07:33:48 | INFO     | __main__     | Python version: 3.12.4 | packaged by Anaconda, Inc. | (main, Jun 18 2024, 10:07:17) [Clang 14.0.6 ]
2024-11-02 07:33:48 | INFO     | __main__     | Working directory: /Users/vishnuvardhanmedara/Desktop/CyptoCopyBotPrjct
2024-11-02 07:33:48 | INFO     | __main__     | ------------------------------------------------------------
2024-11-02 07:33:48 | INFO     | __main__     | Checking configuration...
2024-11-02 07:33:48 | INFO     | __main__     | Found existing config/tracked-wallets.json
2024-11-02 07:33:48 | INFO     | __main__     | Found existing config/token-whitelist.json
2024-11-02 07:33:48 | INFO     | __main__     | Configuration check completed successfully
2024-11-02 07:33:48 | INFO     | __main__     | Initializing wallet finder...
2024-11-02 07:33:48 | INFO     | __main__     | Searching for profitable wallets...
2024-11-02 07:33:48 | INFO     | solana_wallet_finder | Starting Solana wallet discovery...
2024-11-02 07:33:48 | INFO     | solana_wallet_finder | Using 3 tracked wallets from config
2024-11-02 07:33:48 | DEBUG    | urllib3.connectionpool | Starting new HTTPS connection (1): api.birdeye.so:443
2024-11-02 07:33:48 | DEBUG    | urllib3.connectionpool | https://api.birdeye.so:443 "GET /v1/token/So11111111111111111111111111111111111111112 HTTP/11" 521 6828
2024-11-02 07:33:48 | ERROR    | solana_wallet_finder | Birdeye API test failed with status code: 521
2024-11-02 07:33:48 | ERROR    | solana_wallet_finder | Response: <!DOCTYPE html>
<!--[if lt IE 7]> <html class="no-js ie6 oldie" lang="en-US"> <![endif]-->
<!--[if IE 7]>    <html class="no-js ie7 oldie" lang="en-US"> <![endif]-->
<!--[if IE 8]>    <html class="no-js ie8 oldie" lang="en-US"> <![endif]-->
<!--[if gt IE 8]><!--> <html class="no-js" lang="en-US"> <!--<![endif]-->
<head>


<title>api.birdeye.so | 521: Web server is down</title>
<meta charset="UTF-8" />
<meta http-equiv="Content-Type" content="text/html; charset=UTF-8" />
<meta http-equiv="X-UA-Compatible" content="IE=Edge" />
<meta name="robots" content="noindex, nofollow" />
<meta name="viewport" content="width=device-width,initial-scale=1" />
<link rel="stylesheet" id="cf_styles-css" href="/cdn-cgi/styles/main.css" />


</head>
<body>
<div id="cf-wrapper">
    <div id="cf-error-details" class="p-0">
        <header class="mx-auto pt-10 lg:pt-6 lg:px-8 w-240 lg:w-full mb-8">
            <h1 class="inline-block sm:block sm:mb-2 font-light text-60 lg:text-4xl text-black-dark leading-tight mr-2">
              <span class="inline-block">Web server is down</span>
              <span class="code-label">Error code 521</span>
            </h1>
            <div>
               Visit <a href="https://www.cloudflare.com/5xx-error-landing?utm_source=errorcode_521&utm_campaign=api.birdeye.so" target="_blank" rel="noopener noreferrer">cloudflare.com</a> for more information.
            </div>
            <div class="mt-3">2024-11-01 23:33:48 UTC</div>
        </header>
        <div class="my-8 bg-gradient-gray">
            <div class="w-240 lg:w-full mx-auto">
                <div class="clearfix md:px-8">
                  
<div id="cf-browser-status" class=" relative w-1/3 md:w-full py-15 md:p-0 md:py-8 md:text-left md:border-solid md:border-0 md:border-b md:border-gray-400 overflow-hidden float-left md:float-none text-center">
  <div class="relative mb-10 md:m-0">
    
    <span class="cf-icon-browser block md:hidden h-20 bg-center bg-no-repeat"></span>
    <span class="cf-icon-ok w-12 h-12 absolute left-1/2 md:left-auto md:right-0 md:top-0 -ml-6 -bottom-4"></span>
    
  </div>
  <span class="md:block w-full truncate">You</span>
  <h3 class="md:inline-block mt-3 md:mt-0 text-2xl text-gray-600 font-light leading-1.3">
    
    Browser
    
  </h3>
  <span class="leading-1.3 text-2xl text-green-success">Working</span>
</div>

<div id="cf-cloudflare-status" class=" relative w-1/3 md:w-full py-15 md:p-0 md:py-8 md:text-left md:border-solid md:border-0 md:border-b md:border-gray-400 overflow-hidden float-left md:float-none text-center">
  <div class="relative mb-10 md:m-0">
    <a href="https://www.cloudflare.com/5xx-error-landing?utm_source=errorcode_521&utm_campaign=api.birdeye.so" target="_blank" rel="noopener noreferrer">
    <span class="cf-icon-cloud block md:hidden h-20 bg-center bg-no-repeat"></span>
    <span class="cf-icon-ok w-12 h-12 absolute left-1/2 md:left-auto md:right-0 md:top-0 -ml-6 -bottom-4"></span>
    </a>
  </div>
  <span class="md:block w-full truncate">Singapore</span>
  <h3 class="md:inline-block mt-3 md:mt-0 text-2xl text-gray-600 font-light leading-1.3">
    <a href="https://www.cloudflare.com/5xx-error-landing?utm_source=errorcode_521&utm_campaign=api.birdeye.so" target="_blank" rel="noopener noreferrer">
    Cloudflare
    </a>
  </h3>
  <span class="leading-1.3 text-2xl text-green-success">Working</span>
</div>

<div id="cf-host-status" class="cf-error-source relative w-1/3 md:w-full py-15 md:p-0 md:py-8 md:text-left md:border-solid md:border-0 md:border-b md:border-gray-400 overflow-hidden float-left md:float-none text-center">
  <div class="relative mb-10 md:m-0">
    
    <span class="cf-icon-server block md:hidden h-20 bg-center bg-no-repeat"></span>
    <span class="cf-icon-error w-12 h-12 absolute left-1/2 md:left-auto md:right-0 md:top-0 -ml-6 -bottom-4"></span>
    
  </div>
  <span class="md:block w-full truncate">api.birdeye.so</span>
  <h3 class="md:inline-block mt-3 md:mt-0 text-2xl text-gray-600 font-light leading-1.3">
    
    Host
    
  </h3>
  <span class="leading-1.3 text-2xl text-red-error">Error</span>
</div>

                </div>
            </div>
        </div>

        <div class="w-240 lg:w-full mx-auto mb-8 lg:px-8">
            <div class="clearfix">
                <div class="w-1/2 md:w-full float-left pr-6 md:pb-10 md:pr-0 leading-relaxed">
                    <h2 class="text-3xl font-normal leading-1.3 mb-4">What happened?</h2>
                    <p>The web server is not returning a connection. As a result, the web page is not displaying.</p>
                </div>
                <div class="w-1/2 md:w-full float-left leading-relaxed">
                    <h2 class="text-3xl font-normal leading-1.3 mb-4">What can I do?</h2>
                          <h3 class="text-15 font-semibold mb-2">If you are a visitor of this website:</h3>
      <p class="mb-6">Please try again in a few minutes.</p>

      <h3 class="text-15 font-semibold mb-2">If you are the owner of this website:</h3>
      <p><span>Contact your hosting provider letting them know your web server is not responding.</span> <a rel="noopener noreferrer" href="https://support.cloudflare.com/hc/en-us/articles/200171916-Error-521">Additional troubleshooting information</a>.</p>
                </div>
            </div>
        </div>

        <div class="cf-error-footer cf-wrapper w-240 lg:w-full py-10 sm:py-4 sm:px-8 mx-auto text-center sm:text-left border-solid border-0 border-t border-gray-300">
  <p class="text-13">
    <span class="cf-footer-item sm:block sm:mb-1">Cloudflare Ray ID: <strong class="font-semibold">8dbfb120b8106bed</strong></span>
    <span class="cf-footer-separator sm:hidden">&bull;</span>
    <span id="cf-footer-item-ip" class="cf-footer-item hidden sm:block sm:mb-1">
      Your IP:
      <button type="button" id="cf-footer-ip-reveal" class="cf-footer-ip-reveal-btn">Click to reveal</button>
      <span class="hidden" id="cf-footer-ip">116.89.115.186</span>
      <span class="cf-footer-separator sm:hidden">&bull;</span>
    </span>
    <span class="cf-footer-item sm:block sm:mb-1"><span>Performance &amp; security by</span> <a rel="noopener noreferrer" href="https://www.cloudflare.com/5xx-error-landing?utm_source=errorcode_521&utm_campaign=api.birdeye.so" id="brand_link" target="_blank">Cloudflare</a></span>
    
  </p>
  <script>(function(){function d(){var b=a.getElementById("cf-footer-item-ip"),c=a.getElementById("cf-footer-ip-reveal");b&&"classList"in b&&(b.classList.remove("hidden"),c.addEventListener("click",function(){c.classList.add("hidden");a.getElementById("cf-footer-ip").classList.remove("hidden")}))}var a=document;document.addEventListener&&a.addEventListener("DOMContentLoaded",d)})();</script>
</div><!-- /.error-footer -->


    </div>
</div>
</body>
</html>

2024-11-02 07:33:48 | ERROR    | solana_wallet_finder | Unable to connect to Birdeye API. Proceeding with basic monitoring.
2024-11-02 07:33:48 | INFO     | __main__     | Initializing trading bot...
2024-11-02 07:33:48 | INFO     | solana_trade_bot | Connected to Solana RPC: https://api.mainnet-beta.solana.com
2024-11-02 07:33:48 | WARNING  | solana_trade_bot | No private key found. Running in monitoring mode only.
2024-11-02 07:33:48 | INFO     | solana_trade_bot | Successfully loaded 3 tracked wallets
2024-11-02 07:33:48 | INFO     | solana_trade_bot | Loaded 5 whitelisted tokens
2024-11-02 07:33:48 | INFO     | solana_trade_bot | ------------------------------------------------------------
2024-11-02 07:33:48 | INFO     | solana_trade_bot | Trading Bot Configuration:
2024-11-02 07:33:48 | INFO     | solana_trade_bot | Trading Enabled: False
2024-11-02 07:33:48 | INFO     | solana_trade_bot | Tracked Wallets: 3
2024-11-02 07:33:48 | INFO     | solana_trade_bot | Token Whitelist: 5 tokens
2024-11-02 07:33:48 | INFO     | solana_trade_bot | ------------------------------------------------------------
2024-11-02 07:33:48 | INFO     | __main__     | Starting trading bot...
2024-11-02 07:33:48 | INFO     | solana_trade_bot | +==========================================================+
2024-11-02 07:33:48 | INFO     | solana_trade_bot | |                    BOT STARTED                           |
2024-11-02 07:33:48 | INFO     | solana_trade_bot | +==========================================================+
2024-11-02 07:33:48 | INFO     | solana_trade_bot | Monitoring interval: 60 seconds
2024-11-02 07:33:48 | DEBUG    | httpx._client | HTTP Request: POST https://api.mainnet-beta.solana.com "HTTP/1.1 429 Too Many Requests"
2024-11-02 07:33:48 | DEBUG    | solana_trade_bot | Error getting signatures: 
2024-11-02 07:33:51 | DEBUG    | httpx._client | HTTP Request: POST https://api.mainnet-beta.solana.com "HTTP/1.1 429 Too Many Requests"
2024-11-02 07:33:51 | DEBUG    | solana_trade_bot | Error getting signatures: 
2024-11-02 07:33:53 | DEBUG    | httpx._client | HTTP Request: POST https://api.mainnet-beta.solana.com "HTTP/1.1 429 Too Many Requests"
2024-11-02 07:33:53 | DEBUG    | solana_trade_bot | Error getting signatures: 
2024-11-02 07:33:55 | DEBUG    | solana_trade_bot | Completed monitoring cycle, waiting 60s...
2024-11-02 07:34:55 | DEBUG    | httpx._client | HTTP Request: POST https://api.mainnet-beta.solana.com "HTTP/1.1 429 Too Many Requests"
2024-11-02 07:34:55 | DEBUG    | solana_trade_bot | Error getting signatures: 
2024-11-02 07:34:58 | DEBUG    | httpx._client | HTTP Request: POST https://api.mainnet-beta.solana.com "HTTP/1.1 429 Too Many Requests"
2024-11-02 07:34:58 | DEBUG    | solana_trade_bot | Error getting signatures: 
2024-11-02 07:35:00 | DEBUG    | httpx._client | HTTP Request: POST https://api.mainnet-beta.solana.com "HTTP/1.1 429 Too Many Requests"
2024-11-02 07:35:00 | DEBUG    | solana_trade_bot | Error getting signatures: 
2024-11-02 07:35:02 | DEBUG    | solana_trade_bot | Completed monitoring cycle, waiting 60s...
2024-11-02 07:36:03 | DEBUG    | httpx._client | HTTP Request: POST https://api.mainnet-beta.solana.com "HTTP/1.1 429 Too Many Requests"
2024-11-02 07:36:03 | DEBUG    | solana_trade_bot | Error getting signatures: 
2024-11-02 07:36:05 | DEBUG    | httpx._client | HTTP Request: POST https://api.mainnet-beta.solana.com "HTTP/1.1 429 Too Many Requests"
2024-11-02 07:36:05 | DEBUG    | solana_trade_bot | Error getting signatures: 
2024-11-02 07:36:07 | DEBUG    | httpx._client | HTTP Request: POST https://api.mainnet-beta.solana.com "HTTP/1.1 429 Too Many Requests"
2024-11-02 07:36:07 | DEBUG    | solana_trade_bot | Error getting signatures: 
2024-11-02 07:36:09 | DEBUG    | solana_trade_bot | Completed monitoring cycle, waiting 60s...
2024-11-02 07:37:10 | DEBUG    | httpx._client | HTTP Request: POST https://api.mainnet-beta.solana.com "HTTP/1.1 429 Too Many Requests"
2024-11-02 07:37:10 | DEBUG    | solana_trade_bot | Error getting signatures: 
2024-11-02 07:37:12 | DEBUG    | httpx._client | HTTP Request: POST https://api.mainnet-beta.solana.com "HTTP/1.1 429 Too Many Requests"
2024-11-02 07:37:12 | DEBUG    | solana_trade_bot | Error getting signatures: 
2024-11-02 07:37:15 | DEBUG    | httpx._client | HTTP Request: POST https://api.mainnet-beta.solana.com "HTTP/1.1 429 Too Many Requests"
2024-11-02 07:37:15 | DEBUG    | solana_trade_bot | Error getting signatures: 
2024-11-02 07:37:17 | DEBUG    | solana_trade_bot | Completed monitoring cycle, waiting 60s...
2024-11-02 07:38:17 | DEBUG    | httpx._client | HTTP Request: POST https://api.mainnet-beta.solana.com "HTTP/1.1 429 Too Many Requests"
2024-11-02 07:38:17 | DEBUG    | solana_trade_bot | Error getting signatures: 
2024-11-02 07:38:20 | DEBUG    | httpx._client | HTTP Request: POST https://api.mainnet-beta.solana.com "HTTP/1.1 429 Too Many Requests"
2024-11-02 07:38:20 | DEBUG    | solana_trade_bot | Error getting signatures: 
2024-11-02 07:38:22 | DEBUG    | httpx._client | HTTP Request: POST https://api.mainnet-beta.solana.com "HTTP/1.1 429 Too Many Requests"
2024-11-02 07:38:22 | DEBUG    | solana_trade_bot | Error getting signatures: 
2024-11-02 07:38:24 | DEBUG    | solana_trade_bot | Completed monitoring cycle, waiting 60s...
2024-11-02 07:39:24 | DEBUG    | httpx._client | HTTP Request: POST https://api.mainnet-beta.solana.com "HTTP/1.1 429 Too Many Requests"
2024-11-02 07:39:24 | DEBUG    | solana_trade_bot | Error getting signatures: 
2024-11-02 07:39:27 | DEBUG    | httpx._client | HTTP Request: POST https://api.mainnet-beta.solana.com "HTTP/1.1 429 Too Many Requests"
2024-11-02 07:39:27 | DEBUG    | solana_trade_bot | Error getting signatures: 
2024-11-02 07:39:29 | DEBUG    | httpx._client | HTTP Request: POST https://api.mainnet-beta.solana.com "HTTP/1.1 429 Too Many Requests"
2024-11-02 07:39:29 | DEBUG    | solana_trade_bot | Error getting signatures: 
2024-11-02 07:39:31 | DEBUG    | solana_trade_bot | Completed monitoring cycle, waiting 60s...
2024-11-02 07:40:31 | DEBUG    | httpx._client | HTTP Request: POST https://api.mainnet-beta.solana.com "HTTP/1.1 429 Too Many Requests"
2024-11-02 07:40:31 | DEBUG    | solana_trade_bot | Error getting signatures: 
2024-11-02 07:40:34 | DEBUG    | httpx._client | HTTP Request: POST https://api.mainnet-beta.solana.com "HTTP/1.1 429 Too Many Requests"
2024-11-02 07:40:34 | DEBUG    | solana_trade_bot | Error getting signatures: 
2024-11-02 07:40:36 | DEBUG    | httpx._client | HTTP Request: POST https://api.mainnet-beta.solana.com "HTTP/1.1 429 Too Many Requests"
2024-11-02 07:40:36 | DEBUG    | solana_trade_bot | Error getting signatures: 
2024-11-02 07:40:38 | DEBUG    | solana_trade_bot | Completed monitoring cycle, waiting 60s...
2024-11-02 07:41:39 | DEBUG    | httpx._client | HTTP Request: POST https://api.mainnet-beta.solana.com "HTTP/1.1 429 Too Many Requests"
2024-11-02 07:41:39 | DEBUG    | solana_trade_bot | Error getting signatures: 
2024-11-02 07:41:41 | DEBUG    | httpx._client | HTTP Request: POST https://api.mainnet-beta.solana.com "HTTP/1.1 429 Too Many Requests"
2024-11-02 07:41:41 | DEBUG    | solana_trade_bot | Error getting signatures: 
2024-11-02 07:41:43 | DEBUG    | httpx._client | HTTP Request: POST https://api.mainnet-beta.solana.com "HTTP/1.1 429 Too Many Requests"
2024-11-02 07:41:43 | DEBUG    | solana_trade_bot | Error getting signatures: 
2024-11-02 07:41:45 | DEBUG    | solana_trade_bot | Completed monitoring cycle, waiting 60s...
2024-11-02 07:42:46 | DEBUG    | httpx._client | HTTP Request: POST https://api.mainnet-beta.solana.com "HTTP/1.1 429 Too Many Requests"
2024-11-02 07:42:46 | DEBUG    | solana_trade_bot | Error getting signatures: 
2024-11-02 07:42:48 | DEBUG    | httpx._client | HTTP Request: POST https://api.mainnet-beta.solana.com "HTTP/1.1 429 Too Many Requests"
2024-11-02 07:42:48 | DEBUG    | solana_trade_bot | Error getting signatures: 
2024-11-02 07:42:50 | DEBUG    | httpx._client | HTTP Request: POST https://api.mainnet-beta.solana.com "HTTP/1.1 429 Too Many Requests"
2024-11-02 07:42:50 | DEBUG    | solana_trade_bot | Error getting signatures: 
2024-11-02 07:42:52 | DEBUG    | solana_trade_bot | Completed monitoring cycle, waiting 60s...
2024-11-02 07:43:53 | DEBUG    | httpx._client | HTTP Request: POST https://api.mainnet-beta.solana.com "HTTP/1.1 429 Too Many Requests"
2024-11-02 07:43:53 | DEBUG    | solana_trade_bot | Error getting signatures: 
2024-11-02 07:43:55 | DEBUG    | httpx._client | HTTP Request: POST https://api.mainnet-beta.solana.com "HTTP/1.1 429 Too Many Requests"
2024-11-02 07:43:55 | DEBUG    | solana_trade_bot | Error getting signatures: 
2024-11-02 07:43:57 | DEBUG    | httpx._client | HTTP Request: POST https://api.mainnet-beta.solana.com "HTTP/1.1 429 Too Many Requests"
2024-11-02 07:43:57 | DEBUG    | solana_trade_bot | Error getting signatures: 
2024-11-02 07:43:59 | DEBUG    | solana_trade_bot | Completed monitoring cycle, waiting 60s...
2024-11-02 07:45:00 | DEBUG    | httpx._client | HTTP Request: POST https://api.mainnet-beta.solana.com "HTTP/1.1 429 Too Many Requests"
2024-11-02 07:45:00 | DEBUG    | solana_trade_bot | Error getting signatures: 
2024-11-02 07:45:02 | DEBUG    | httpx._client | HTTP Request: POST https://api.mainnet-beta.solana.com "HTTP/1.1 429 Too Many Requests"
2024-11-02 07:45:02 | DEBUG    | solana_trade_bot | Error getting signatures: 
2024-11-02 07:45:04 | DEBUG    | httpx._client | HTTP Request: POST https://api.mainnet-beta.solana.com "HTTP/1.1 429 Too Many Requests"
2024-11-02 07:45:04 | DEBUG    | solana_trade_bot | Error getting signatures: 
2024-11-02 07:45:06 | DEBUG    | solana_trade_bot | Completed monitoring cycle, waiting 60s...
2024-11-02 07:46:07 | DEBUG    | httpx._client | HTTP Request: POST https://api.mainnet-beta.solana.com "HTTP/1.1 429 Too Many Requests"
2024-11-02 07:46:07 | DEBUG    | solana_trade_bot | Error getting signatures: 
2024-11-02 07:46:09 | DEBUG    | httpx._client | HTTP Request: POST https://api.mainnet-beta.solana.com "HTTP/1.1 429 Too Many Requests"
2024-11-02 07:46:09 | DEBUG    | solana_trade_bot | Error getting signatures: 
2024-11-02 07:46:12 | DEBUG    | httpx._client | HTTP Request: POST https://api.mainnet-beta.solana.com "HTTP/1.1 429 Too Many Requests"
2024-11-02 07:46:12 | DEBUG    | solana_trade_bot | Error getting signatures: 
2024-11-02 07:46:14 | DEBUG    | solana_trade_bot | Completed monitoring cycle, waiting 60s...
2024-11-02 07:47:14 | DEBUG    | httpx._client | HTTP Request: POST https://api.mainnet-beta.solana.com "HTTP/1.1 429 Too Many Requests"
2024-11-02 07:47:14 | DEBUG    | solana_trade_bot | Error getting signatures: 
2024-11-02 07:47:18 | DEBUG    | httpx._client | HTTP Request: POST https://api.mainnet-beta.solana.com "HTTP/1.1 429 Too Many Requests"
2024-11-02 07:47:18 | DEBUG    | solana_trade_bot | Error getting signatures: 
2024-11-02 07:47:20 | DEBUG    | httpx._client | HTTP Request: POST https://api.mainnet-beta.solana.com "HTTP/1.1 429 Too Many Requests"
2024-11-02 07:47:20 | DEBUG    | solana_trade_bot | Error getting signatures: 
2024-11-02 07:47:22 | DEBUG    | solana_trade_bot | Completed monitoring cycle, waiting 60s...
2024-11-02 07:48:22 | DEBUG    | httpx._client | HTTP Request: POST https://api.mainnet-beta.solana.com "HTTP/1.1 429 Too Many Requests"
2024-11-02 07:48:22 | DEBUG    | solana_trade_bot | Error getting signatures: 
2024-11-02 07:48:25 | DEBUG    | httpx._client | HTTP Request: POST https://api.mainnet-beta.solana.com "HTTP/1.1 429 Too Many Requests"
2024-11-02 07:48:25 | DEBUG    | solana_trade_bot | Error getting signatures: 
2024-11-02 07:48:27 | DEBUG    | httpx._client | HTTP Request: POST https://api.mainnet-beta.solana.com "HTTP/1.1 429 Too Many Requests"
2024-11-02 07:48:27 | DEBUG    | solana_trade_bot | Error getting signatures: 
2024-11-02 07:48:29 | DEBUG    | solana_trade_bot | Completed monitoring cycle, waiting 60s...
2024-11-02 07:49:29 | DEBUG    | httpx._client | HTTP Request: POST https://api.mainnet-beta.solana.com "HTTP/1.1 429 Too Many Requests"
2024-11-02 07:49:29 | DEBUG    | solana_trade_bot | Error getting signatures: 
2024-11-02 07:49:32 | DEBUG    | httpx._client | HTTP Request: POST https://api.mainnet-beta.solana.com "HTTP/1.1 429 Too Many Requests"
2024-11-02 07:49:32 | DEBUG    | solana_trade_bot | Error getting signatures: 
2024-11-02 07:49:34 | DEBUG    | httpx._client | HTTP Request: POST https://api.mainnet-beta.solana.com "HTTP/1.1 429 Too Many Requests"
2024-11-02 07:49:34 | DEBUG    | solana_trade_bot | Error getting signatures: 
2024-11-02 07:49:36 | DEBUG    | solana_trade_bot | Completed monitoring cycle, waiting 60s...
