2024-11-02 08:30:09,225 - INFO - ============================================================
2024-11-02 08:30:09,225 - INFO - Solana Trading Bot Starting
2024-11-02 08:30:09,226 - INFO - ============================================================
2024-11-02 08:30:09,226 - INFO - Mode: RESEARCH
2024-11-02 08:30:09,226 - INFO - Log file: logs/trading_bot_20241102_083008.log
2024-11-02 08:30:09,226 - INFO - Log level: INFO
2024-11-02 08:30:09,226 - INFO - Python version: 3.12.4 | packaged by Anaconda, Inc. | (main, Jun 18 2024, 10:07:17) [Clang 14.0.6 ]
2024-11-02 08:30:09,226 - INFO - Working directory: /Users/vishnuvardhanmedara/Desktop/CyptoCopyBotPrjct
2024-11-02 08:30:09,226 - INFO - ------------------------------------------------------------
2024-11-02 08:30:09,226 - INFO - Starting in RESEARCH mode...
2024-11-02 08:30:09,226 - INFO - This mode will analyze trading patterns and log findings without executing trades
2024-11-02 08:30:09,226 - INFO - Beginning wallet analysis...
2024-11-02 08:30:09,226 - INFO - 
================================================================================
2024-11-02 08:30:09,226 - INFO - STARTING ENHANCED SOLANA WALLET DISCOVERY
2024-11-02 08:30:09,226 - INFO - ================================================================================
2024-11-02 08:30:09,226 - INFO - 
Step 1: Fetching trending pairs...
2024-11-02 08:30:09,226 - INFO - 
================================================================================
2024-11-02 08:30:09,226 - INFO - FETCHING TRENDING PAIRS FROM DEXSCREENER
2024-11-02 08:30:09,226 - INFO - ================================================================================
2024-11-02 08:30:09,580 - ERROR - Error fetching trending pairs: 'NoneType' object does not support item assignment
2024-11-02 08:30:09,581 - INFO - 
Step 2: Analyzing trading activity...
2024-11-02 08:30:09,581 - INFO - 
================================================================================
2024-11-02 08:30:09,581 - INFO - WALLET DISCOVERY SUMMARY
2024-11-02 08:30:09,581 - INFO - ================================================================================
2024-11-02 08:30:09,581 - INFO - 
Analyzed 0 trending pairs
2024-11-02 08:30:09,581 - INFO - Found 0 profitable wallets
2024-11-02 08:30:09,581 - INFO - 
Top Performing Wallets:
2024-11-02 08:30:09,581 - INFO - 
Detailed research results saved to: logs/research_20241102_083009.json
2024-11-02 08:30:09,581 - INFO - Research completed successfully
2024-11-02 08:30:09,581 - INFO - Results have been saved to the logs directory
2024-11-02 08:30:09,581 - INFO - Bot shutdown complete
