2024-11-02 20:56:56,611 - INFO - ============================================================
2024-11-02 20:56:56,612 - INFO - Solana Trading Bot Starting
2024-11-02 20:56:56,612 - INFO - ============================================================
2024-11-02 20:56:56,612 - INFO - Mode: RESEARCH
2024-11-02 20:56:56,612 - INFO - Log file: logs/trading_bot_20241102_205656.log
2024-11-02 20:56:56,612 - INFO - Log level: INFO
2024-11-02 20:56:56,612 - INFO - Python version: 3.12.4 | packaged by Anaconda, Inc. | (main, Jun 18 2024, 10:07:17) [Clang 14.0.6 ]
2024-11-02 20:56:56,612 - INFO - Working directory: /Users/vishnuvardhanmedara/Desktop/CyptoCopyBotPrjct
2024-11-02 20:56:56,612 - INFO - ------------------------------------------------------------
2024-11-02 20:56:56,612 - INFO - Starting in RESEARCH mode...
2024-11-02 20:56:56,612 - INFO - This mode will analyze trading patterns and log findings without executing trades
2024-11-02 20:56:56,612 - INFO - Beginning wallet analysis...
2024-11-02 20:56:56,612 - INFO - 
================================================================================
2024-11-02 20:56:56,612 - INFO - STARTING ENHANCED SOLANA WALLET DISCOVERY
2024-11-02 20:56:56,612 - INFO - ================================================================================
2024-11-02 20:56:56,612 - INFO - 
Step 1: Fetching trending pairs...
2024-11-02 20:56:56,612 - INFO - 
================================================================================
2024-11-02 20:56:56,612 - INFO - FETCHING TRENDING PAIRS FROM DEXSCREENER
2024-11-02 20:56:56,612 - INFO - ================================================================================
2024-11-02 20:56:56,612 - INFO - 
================================================================================
2024-11-02 20:56:56,612 - INFO - WALLET DISCOVERY CRITERIA
2024-11-02 20:56:56,612 - INFO - ================================================================================
2024-11-02 20:56:56,612 - INFO - 
1. Token Pair Requirements:
2024-11-02 20:56:56,612 - INFO - ----------------------------------------
2024-11-02 20:56:56,612 - INFO - • Minimum liquidity: $1,000.00
2024-11-02 20:56:56,612 - INFO - • Minimum daily volume: $100,000.00
2024-11-02 20:56:56,612 - INFO - • Minimum price change 24h: 10.0%
2024-11-02 20:56:56,612 - INFO - • Maximum price impact: 10000.0%
2024-11-02 20:56:56,612 - INFO - 
2. Wallet Performance Requirements:
2024-11-02 20:56:56,612 - INFO - ----------------------------------------
2024-11-02 20:56:56,612 - INFO - • Minimum SOL balance: 1.0 SOL
2024-11-02 20:56:56,612 - INFO - • Minimum trades per day: 2
2024-11-02 20:56:56,612 - INFO - • Minimum success rate: 50.0%
2024-11-02 20:56:56,613 - INFO - • Minimum profit per trade: 1.0%
2024-11-02 20:56:56,613 - INFO - • Analysis period: 7 days
2024-11-02 20:56:56,613 - INFO - 
3. Whitelisted Quote Tokens:
2024-11-02 20:56:56,613 - INFO - ----------------------------------------
2024-11-02 20:56:56,613 - INFO - • SOL: So11111111111111111111111111111111111111112
2024-11-02 20:56:56,613 - INFO - • USDC: EPjFWdd5AufqSSqeM2qN1xzybapC8G4wEGGkZwyTDt1v
2024-11-02 20:56:56,613 - INFO - • RAY: 4k3Dyjzvzp8eMZWUXbBCjEvwSkkk59S5iCNLY3QrkX6R
2024-11-02 20:56:56,613 - INFO - • SRM: SRMuApVNdxXokk5GT7XD5cUUgXMBCoAz2LHeuAoKWRt
2024-11-02 20:56:56,613 - INFO - • ORCA: orcaEKTdK7LKz57vaAYr9QeNsVEPfiu6QeMU1kektZE
2024-11-02 20:56:56,687 - INFO - 
================================================================================
2024-11-02 20:56:56,687 - INFO - ANALYZING TRADING PAIRS
2024-11-02 20:56:56,687 - INFO - ================================================================================
2024-11-02 20:56:56,687 - INFO - 
Found 19 Solana tokens to analyze
2024-11-02 20:56:56,961 - INFO - 
Analyzing pair: XYZ/SOL
2024-11-02 20:56:56,962 - INFO - • Volume 24h: $91,986.83
2024-11-02 20:56:56,962 - INFO - • Liquidity: $32,556,057.46
2024-11-02 20:56:56,962 - INFO - • Price Change 24h: -0.2%
2024-11-02 20:56:56,962 - INFO - • DexScreener: https://dexscreener.com/solana/CJBNofdUi6YNB4hnHGz2V4HK8FBoMSfWuc4SRiYfhpUG
2024-11-02 20:56:56,962 - INFO - ✗ Rejected: Low volume (minimum $100,000.00)
2024-11-02 20:56:57,902 - INFO - 
Analyzing pair: MAC/SOL
2024-11-02 20:56:57,902 - INFO - • Volume 24h: $173,972.23
2024-11-02 20:56:57,902 - INFO - • Liquidity: $37,253.23
2024-11-02 20:56:57,902 - INFO - • Price Change 24h: 71.7%
2024-11-02 20:56:57,902 - INFO - • DexScreener: https://dexscreener.com/solana/75iyXp5BAWj97e467Gn5vGfY4bgZtUi2dAwHYGPT7QRM
2024-11-02 20:56:57,902 - INFO - ✓ Accepted: Trending pair with high volume
2024-11-02 20:56:58,439 - INFO - 
Analyzing pair: SOLANA/SOL
2024-11-02 20:56:58,439 - INFO - • Volume 24h: $223,244.25
2024-11-02 20:56:58,439 - INFO - • Liquidity: $47,287.15
2024-11-02 20:56:58,439 - INFO - • Price Change 24h: 214.0%
2024-11-02 20:56:58,439 - INFO - • DexScreener: https://dexscreener.com/solana/221phf1yb87mYDUwoes2rjsk2gwrdpFmET6afN4V9bGS
2024-11-02 20:56:58,439 - INFO - ✓ Accepted: Trending pair with high volume
2024-11-02 20:56:58,972 - INFO - 
Analyzing pair: Steve/SOL
2024-11-02 20:56:58,972 - INFO - • Volume 24h: $502,654.03
2024-11-02 20:56:58,972 - INFO - • Liquidity: $31,424.55
2024-11-02 20:56:58,972 - INFO - • Price Change 24h: 10297.0%
2024-11-02 20:56:58,972 - INFO - • DexScreener: https://dexscreener.com/solana/EpzX2v65pfsd1U647DGUFAZBWtH53nheQiXTCyTd1Hzd
2024-11-02 20:56:58,972 - INFO - ✓ Accepted: Trending pair with high volume
2024-11-02 20:56:59,585 - INFO - 
Analyzing pair: SMINEM/SOL
2024-11-02 20:56:59,586 - INFO - • Volume 24h: $118,863.02
2024-11-02 20:56:59,586 - INFO - • Liquidity: $35,487.18
2024-11-02 20:56:59,586 - INFO - • Price Change 24h: 73.4%
2024-11-02 20:56:59,586 - INFO - • DexScreener: https://dexscreener.com/solana/6SJRK3sPiso3zmHYnz7EhBry1GpGNiiUpiXPzbuFmNyK
2024-11-02 20:56:59,586 - INFO - ✓ Accepted: Trending pair with high volume
2024-11-02 20:57:00,337 - INFO - 
Analyzing pair: Trump/SOL
2024-11-02 20:57:00,337 - INFO - • Volume 24h: $404,214.17
2024-11-02 20:57:00,337 - INFO - • Liquidity: $442,146.19
2024-11-02 20:57:00,337 - INFO - • Price Change 24h: 82721079.0%
2024-11-02 20:57:00,337 - INFO - • DexScreener: https://dexscreener.com/solana/D57fRXFnY83UX26XCKr2pEqpMYq1oqSJYkKYYTuHe3n7
2024-11-02 20:57:00,337 - INFO - ✓ Accepted: Trending pair with high volume
2024-11-02 20:57:01,115 - INFO - 
Analyzing pair: blormmy/SOL
2024-11-02 20:57:01,115 - INFO - • Volume 24h: $5,361,236.67
2024-11-02 20:57:01,115 - INFO - • Liquidity: $49,248.82
2024-11-02 20:57:01,115 - INFO - • Price Change 24h: 119.0%
2024-11-02 20:57:01,115 - INFO - • DexScreener: https://dexscreener.com/solana/4urpk8S2p5QdmhRiSYNsNtmR1sY9vj31j6bjN2FNS3qG
2024-11-02 20:57:01,115 - INFO - ✓ Accepted: Trending pair with high volume
2024-11-02 20:57:01,116 - INFO - 
Analyzing pair: blormmy/SOL
2024-11-02 20:57:01,116 - INFO - • Volume 24h: $7,088.23
2024-11-02 20:57:01,116 - INFO - • Liquidity: $127.37
2024-11-02 20:57:01,116 - INFO - • Price Change 24h: -75.3%
2024-11-02 20:57:01,116 - INFO - • DexScreener: https://dexscreener.com/solana/Jsq5uiEw2XDyUGeojhBgw7Nab85cyKkBnex7SoLToMo
2024-11-02 20:57:01,116 - INFO - ✗ Rejected: Low liquidity (minimum $1,000.00)
2024-11-02 20:57:01,892 - INFO - 
Analyzing pair: ghdog/SOL
2024-11-02 20:57:01,892 - INFO - • Volume 24h: $218,105.02
2024-11-02 20:57:01,892 - INFO - • Liquidity: $20,577.35
2024-11-02 20:57:01,892 - INFO - • Price Change 24h: -41.3%
2024-11-02 20:57:01,892 - INFO - • DexScreener: https://dexscreener.com/solana/3MEpqKiXQ3oV9PBmYxBybhnFvZTXRZneqtWBAeHWPbvt
2024-11-02 20:57:01,892 - INFO - ✗ Rejected: Low price change (minimum 10.0%)
2024-11-02 20:57:02,424 - INFO - 
Analyzing pair: neko/SOL
2024-11-02 20:57:02,424 - INFO - • Volume 24h: $716,134.28
2024-11-02 20:57:02,424 - INFO - • Liquidity: $6,720.05
2024-11-02 20:57:02,424 - INFO - • Price Change 24h: -95.2%
2024-11-02 20:57:02,424 - INFO - • DexScreener: https://dexscreener.com/solana/A2S3Z7ycRwg3zA8cvfkZef66EnVqbhgkwydEJxdduHpT
2024-11-02 20:57:02,424 - INFO - ✗ Rejected: Low price change (minimum 10.0%)
2024-11-02 20:57:03,248 - INFO - 
Analyzing pair: AAA/SOL
2024-11-02 20:57:03,248 - INFO - • Volume 24h: $1,012,730.55
2024-11-02 20:57:03,248 - INFO - • Liquidity: $7,009.44
2024-11-02 20:57:03,249 - INFO - • Price Change 24h: -93.7%
2024-11-02 20:57:03,249 - INFO - • DexScreener: https://dexscreener.com/solana/HVChqwHejRKkG43hoJEgbqfwWXD7KsAA5U2iUrc8YACj
2024-11-02 20:57:03,249 - INFO - ✗ Rejected: Low price change (minimum 10.0%)
2024-11-02 20:57:04,012 - INFO - 
Analyzing pair: $TRUMP2024/SOL
2024-11-02 20:57:04,013 - INFO - • Volume 24h: $497,101.57
2024-11-02 20:57:04,013 - INFO - • Liquidity: $454,110.84
2024-11-02 20:57:04,013 - INFO - • Price Change 24h: 1796892.0%
2024-11-02 20:57:04,013 - INFO - • DexScreener: https://dexscreener.com/solana/7j2BYaCERS1Dr6qcxjJRnEiR71dneDbARNrrJovz7XQ3
2024-11-02 20:57:04,013 - INFO - ✓ Accepted: Trending pair with high volume
2024-11-02 20:57:04,788 - INFO - 
Analyzing pair: First SON/SOL
2024-11-02 20:57:04,788 - INFO - • Volume 24h: $190,182.66
2024-11-02 20:57:04,788 - INFO - • Liquidity: $182,251.46
2024-11-02 20:57:04,788 - INFO - • Price Change 24h: 272277857.0%
2024-11-02 20:57:04,788 - INFO - • DexScreener: https://dexscreener.com/solana/5DcQQWZnW8MT3wevq7q7UtjsyVRes4oc8KYapRZfS3mc
2024-11-02 20:57:04,788 - INFO - ✓ Accepted: Trending pair with high volume
2024-11-02 20:57:05,578 - INFO - 
Analyzing pair: PEPE/SOL
2024-11-02 20:57:05,578 - INFO - • Volume 24h: $1,587,679.94
2024-11-02 20:57:05,578 - INFO - • Liquidity: $38,544.33
2024-11-02 20:57:05,578 - INFO - • Price Change 24h: 13086.0%
2024-11-02 20:57:05,579 - INFO - • DexScreener: https://dexscreener.com/solana/DAg8PLaVXu9JmXVAtmaeWfw7Wv2tJ3YZPuEDHxB5CF6L
2024-11-02 20:57:05,579 - INFO - ✓ Accepted: Trending pair with high volume
2024-11-02 20:57:06,495 - INFO - 
Analyzing pair: Bolt/SOL
2024-11-02 20:57:06,496 - INFO - • Volume 24h: $331,440.59
2024-11-02 20:57:06,496 - INFO - • Liquidity: $7,231.35
2024-11-02 20:57:06,496 - INFO - • Price Change 24h: -92.3%
2024-11-02 20:57:06,496 - INFO - • DexScreener: https://dexscreener.com/solana/2ocwVq1GptZEy2Sfnp6tQUXcdCHwYRreuofQCeUWhd4i
2024-11-02 20:57:06,496 - INFO - ✗ Rejected: Low price change (minimum 10.0%)
2024-11-02 20:57:07,028 - INFO - 
Analyzing pair: ALT/SOL
2024-11-02 20:57:07,028 - INFO - • Volume 24h: $676,428.23
2024-11-02 20:57:07,028 - INFO - • Liquidity: $25,603.00
2024-11-02 20:57:07,028 - INFO - • Price Change 24h: -56.6%
2024-11-02 20:57:07,028 - INFO - • DexScreener: https://dexscreener.com/solana/5V9jqdguSMQzq7qVqAYGvKBQnFQc2kHLjvVXGQvu7VCK
2024-11-02 20:57:07,028 - INFO - ✗ Rejected: Low price change (minimum 10.0%)
2024-11-02 20:57:07,555 - INFO - 
Analyzing pair: PNDA/SOL
2024-11-02 20:57:07,555 - INFO - • Volume 24h: $462,831.14
2024-11-02 20:57:07,555 - INFO - • Liquidity: $219,506.24
2024-11-02 20:57:07,555 - INFO - • Price Change 24h: 156.0%
2024-11-02 20:57:07,556 - INFO - • DexScreener: https://dexscreener.com/solana/XhdvYoCzBBCUF1FY36Au3QCVstDwV5rg1pi61H49DZe
2024-11-02 20:57:07,556 - INFO - ✓ Accepted: Trending pair with high volume
2024-11-02 20:57:08,085 - INFO - 
Analyzing pair: ALL12/SOL
2024-11-02 20:57:08,085 - INFO - • Volume 24h: $4,132,375.63
2024-11-02 20:57:08,086 - INFO - • Liquidity: $48,280.56
2024-11-02 20:57:08,086 - INFO - • Price Change 24h: 27.6%
2024-11-02 20:57:08,086 - INFO - • DexScreener: https://dexscreener.com/solana/9YZyfNHBTizRxkNaLmBv7m3r62kjfETfFvNXEkxKiRt7
2024-11-02 20:57:08,086 - INFO - ✓ Accepted: Trending pair with high volume
2024-11-02 20:57:08,086 - INFO - 
Analyzing pair: ALL12/SOL
2024-11-02 20:57:08,086 - INFO - • Volume 24h: $5,641.53
2024-11-02 20:57:08,086 - INFO - • Liquidity: $4,360.42
2024-11-02 20:57:08,086 - INFO - • Price Change 24h: -32.4%
2024-11-02 20:57:08,086 - INFO - • DexScreener: https://dexscreener.com/solana/C67CqCUwsgRMydAY2eZrMq4HEKQzxamJN4oBgQTWdta1
2024-11-02 20:57:08,086 - INFO - ✗ Rejected: Low volume (minimum $100,000.00)
2024-11-02 20:57:08,086 - INFO - 
Analyzing pair: ALL12/SOL
2024-11-02 20:57:08,086 - INFO - • Volume 24h: $6,929.55
2024-11-02 20:57:08,086 - INFO - • Liquidity: $90.77
2024-11-02 20:57:08,086 - INFO - • Price Change 24h: -85.3%
2024-11-02 20:57:08,086 - INFO - • DexScreener: https://dexscreener.com/solana/2sfQ4kQ8t9a41jkCQBZXroJLKs7Q4dUaFnmzeVTGhDoA
2024-11-02 20:57:08,086 - INFO - ✗ Rejected: Low liquidity (minimum $1,000.00)
2024-11-02 20:57:09,718 - INFO - 
Analyzing pair: TRPAI/SOL
2024-11-02 20:57:09,718 - INFO - • Volume 24h: $3,653.59
2024-11-02 20:57:09,718 - INFO - • Liquidity: $2,075.35
2024-11-02 20:57:09,718 - INFO - • Price Change 24h: 10410.0%
2024-11-02 20:57:09,718 - INFO - • DexScreener: https://dexscreener.com/solana/3gqygFwQpsYDUNkx5DrtDN8snY5sPREvHJr7S9dqwn9X
2024-11-02 20:57:09,718 - INFO - ✗ Rejected: Low volume (minimum $100,000.00)
2024-11-02 20:57:10,508 - INFO - 
Analyzing pair: PTC/SOL
2024-11-02 20:57:10,508 - INFO - • Volume 24h: $687,888.59
2024-11-02 20:57:10,509 - INFO - • Liquidity: $8,572.59
2024-11-02 20:57:10,509 - INFO - • Price Change 24h: -91.0%
2024-11-02 20:57:10,509 - INFO - • DexScreener: https://dexscreener.com/solana/G9WGv95qWAT8aXMD2wqKPtM1DnFUphbLbswRr41XBaW6
2024-11-02 20:57:10,509 - INFO - ✗ Rejected: Low price change (minimum 10.0%)
2024-11-02 20:57:11,010 - INFO - 
================================================================================
2024-11-02 20:57:11,011 - INFO - QUALIFIED TRADING PAIRS SUMMARY
2024-11-02 20:57:11,011 - INFO - ================================================================================
2024-11-02 20:57:11,011 - INFO - 
Found 11 qualified pairs:
2024-11-02 20:57:11,011 - INFO - 
MAC/SOL:
2024-11-02 20:57:11,011 - INFO - • Volume 24h: $173,972.23
2024-11-02 20:57:11,011 - INFO - • Liquidity: $37,253.23
2024-11-02 20:57:11,011 - INFO - • Price Change 24h: 71.7%
2024-11-02 20:57:11,011 - INFO - • Pair Address: 75iyXp5BAWj97e467Gn5vGfY4bgZtUi2dAwHYGPT7QRM
2024-11-02 20:57:11,011 - INFO - • DexScreener: https://dexscreener.com/solana/75iyXp5BAWj97e467Gn5vGfY4bgZtUi2dAwHYGPT7QRM
2024-11-02 20:57:11,011 - INFO - 
SOLANA/SOL:
2024-11-02 20:57:11,011 - INFO - • Volume 24h: $223,244.25
2024-11-02 20:57:11,012 - INFO - • Liquidity: $47,287.15
2024-11-02 20:57:11,012 - INFO - • Price Change 24h: 214.0%
2024-11-02 20:57:11,012 - INFO - • Pair Address: 221phf1yb87mYDUwoes2rjsk2gwrdpFmET6afN4V9bGS
2024-11-02 20:57:11,012 - INFO - • DexScreener: https://dexscreener.com/solana/221phf1yb87mYDUwoes2rjsk2gwrdpFmET6afN4V9bGS
2024-11-02 20:57:11,012 - INFO - 
Steve/SOL:
2024-11-02 20:57:11,012 - INFO - • Volume 24h: $502,654.03
2024-11-02 20:57:11,012 - INFO - • Liquidity: $31,424.55
2024-11-02 20:57:11,012 - INFO - • Price Change 24h: 10297.0%
2024-11-02 20:57:11,012 - INFO - • Pair Address: EpzX2v65pfsd1U647DGUFAZBWtH53nheQiXTCyTd1Hzd
2024-11-02 20:57:11,012 - INFO - • DexScreener: https://dexscreener.com/solana/EpzX2v65pfsd1U647DGUFAZBWtH53nheQiXTCyTd1Hzd
2024-11-02 20:57:11,012 - INFO - 
SMINEM/SOL:
2024-11-02 20:57:11,012 - INFO - • Volume 24h: $118,863.02
2024-11-02 20:57:11,012 - INFO - • Liquidity: $35,487.18
2024-11-02 20:57:11,012 - INFO - • Price Change 24h: 73.4%
2024-11-02 20:57:11,012 - INFO - • Pair Address: 6SJRK3sPiso3zmHYnz7EhBry1GpGNiiUpiXPzbuFmNyK
2024-11-02 20:57:11,012 - INFO - • DexScreener: https://dexscreener.com/solana/6SJRK3sPiso3zmHYnz7EhBry1GpGNiiUpiXPzbuFmNyK
2024-11-02 20:57:11,012 - INFO - 
Trump/SOL:
2024-11-02 20:57:11,012 - INFO - • Volume 24h: $404,214.17
2024-11-02 20:57:11,012 - INFO - • Liquidity: $442,146.19
2024-11-02 20:57:11,012 - INFO - • Price Change 24h: 82721079.0%
2024-11-02 20:57:11,012 - INFO - • Pair Address: D57fRXFnY83UX26XCKr2pEqpMYq1oqSJYkKYYTuHe3n7
2024-11-02 20:57:11,012 - INFO - • DexScreener: https://dexscreener.com/solana/D57fRXFnY83UX26XCKr2pEqpMYq1oqSJYkKYYTuHe3n7
2024-11-02 20:57:11,012 - INFO - 
blormmy/SOL:
2024-11-02 20:57:11,012 - INFO - • Volume 24h: $5,361,236.67
2024-11-02 20:57:11,012 - INFO - • Liquidity: $49,248.82
2024-11-02 20:57:11,012 - INFO - • Price Change 24h: 119.0%
2024-11-02 20:57:11,012 - INFO - • Pair Address: 4urpk8S2p5QdmhRiSYNsNtmR1sY9vj31j6bjN2FNS3qG
2024-11-02 20:57:11,012 - INFO - • DexScreener: https://dexscreener.com/solana/4urpk8S2p5QdmhRiSYNsNtmR1sY9vj31j6bjN2FNS3qG
2024-11-02 20:57:11,012 - INFO - 
$TRUMP2024/SOL:
2024-11-02 20:57:11,012 - INFO - • Volume 24h: $497,101.57
2024-11-02 20:57:11,013 - INFO - • Liquidity: $454,110.84
2024-11-02 20:57:11,013 - INFO - • Price Change 24h: 1796892.0%
2024-11-02 20:57:11,013 - INFO - • Pair Address: 7j2BYaCERS1Dr6qcxjJRnEiR71dneDbARNrrJovz7XQ3
2024-11-02 20:57:11,013 - INFO - • DexScreener: https://dexscreener.com/solana/7j2BYaCERS1Dr6qcxjJRnEiR71dneDbARNrrJovz7XQ3
2024-11-02 20:57:11,013 - INFO - 
First SON/SOL:
2024-11-02 20:57:11,013 - INFO - • Volume 24h: $190,182.66
2024-11-02 20:57:11,013 - INFO - • Liquidity: $182,251.46
2024-11-02 20:57:11,013 - INFO - • Price Change 24h: 272277857.0%
2024-11-02 20:57:11,013 - INFO - • Pair Address: 5DcQQWZnW8MT3wevq7q7UtjsyVRes4oc8KYapRZfS3mc
2024-11-02 20:57:11,013 - INFO - • DexScreener: https://dexscreener.com/solana/5DcQQWZnW8MT3wevq7q7UtjsyVRes4oc8KYapRZfS3mc
2024-11-02 20:57:11,013 - INFO - 
PEPE/SOL:
2024-11-02 20:57:11,013 - INFO - • Volume 24h: $1,587,679.94
2024-11-02 20:57:11,013 - INFO - • Liquidity: $38,544.33
2024-11-02 20:57:11,013 - INFO - • Price Change 24h: 13086.0%
2024-11-02 20:57:11,013 - INFO - • Pair Address: DAg8PLaVXu9JmXVAtmaeWfw7Wv2tJ3YZPuEDHxB5CF6L
2024-11-02 20:57:11,013 - INFO - • DexScreener: https://dexscreener.com/solana/DAg8PLaVXu9JmXVAtmaeWfw7Wv2tJ3YZPuEDHxB5CF6L
2024-11-02 20:57:11,013 - INFO - 
PNDA/SOL:
2024-11-02 20:57:11,013 - INFO - • Volume 24h: $462,831.14
2024-11-02 20:57:11,013 - INFO - • Liquidity: $219,506.24
2024-11-02 20:57:11,013 - INFO - • Price Change 24h: 156.0%
2024-11-02 20:57:11,013 - INFO - • Pair Address: XhdvYoCzBBCUF1FY36Au3QCVstDwV5rg1pi61H49DZe
2024-11-02 20:57:11,013 - INFO - • DexScreener: https://dexscreener.com/solana/XhdvYoCzBBCUF1FY36Au3QCVstDwV5rg1pi61H49DZe
2024-11-02 20:57:11,013 - INFO - 
ALL12/SOL:
2024-11-02 20:57:11,013 - INFO - • Volume 24h: $4,132,375.63
2024-11-02 20:57:11,013 - INFO - • Liquidity: $48,280.56
2024-11-02 20:57:11,013 - INFO - • Price Change 24h: 27.6%
2024-11-02 20:57:11,013 - INFO - • Pair Address: 9YZyfNHBTizRxkNaLmBv7m3r62kjfETfFvNXEkxKiRt7
2024-11-02 20:57:11,013 - INFO - • DexScreener: https://dexscreener.com/solana/9YZyfNHBTizRxkNaLmBv7m3r62kjfETfFvNXEkxKiRt7
2024-11-02 20:57:11,014 - INFO - 
================================================================================
2024-11-02 20:57:11,014 - INFO - ANALYZING TRADING ACTIVITY
2024-11-02 20:57:11,014 - INFO - ================================================================================
2024-11-02 20:57:11,748 - ERROR - Error processing pair 75iyXp5BAWj97e467Gn5vGfY4bgZtUi2dAwHYGPT7QRM: 'solders.transaction_status.EncodedTransactionWithStatusMeta' object has no attribute 'message'
2024-11-02 20:57:12,553 - ERROR - Error processing pair 221phf1yb87mYDUwoes2rjsk2gwrdpFmET6afN4V9bGS: 'solders.transaction_status.EncodedTransactionWithStatusMeta' object has no attribute 'message'
2024-11-02 20:57:12,950 - ERROR - Error processing pair EpzX2v65pfsd1U647DGUFAZBWtH53nheQiXTCyTd1Hzd: 
2024-11-02 20:57:13,290 - ERROR - Error processing pair 6SJRK3sPiso3zmHYnz7EhBry1GpGNiiUpiXPzbuFmNyK: 
2024-11-02 20:57:13,621 - ERROR - Error processing pair D57fRXFnY83UX26XCKr2pEqpMYq1oqSJYkKYYTuHe3n7: 
2024-11-02 20:57:14,007 - ERROR - Error processing pair 4urpk8S2p5QdmhRiSYNsNtmR1sY9vj31j6bjN2FNS3qG: 
2024-11-02 20:57:14,339 - ERROR - Error processing pair 7j2BYaCERS1Dr6qcxjJRnEiR71dneDbARNrrJovz7XQ3: 
2024-11-02 20:57:14,734 - ERROR - Error processing pair 5DcQQWZnW8MT3wevq7q7UtjsyVRes4oc8KYapRZfS3mc: 
2024-11-02 20:57:15,407 - ERROR - Error processing pair DAg8PLaVXu9JmXVAtmaeWfw7Wv2tJ3YZPuEDHxB5CF6L: 
2024-11-02 20:57:15,770 - ERROR - Error processing pair XhdvYoCzBBCUF1FY36Au3QCVstDwV5rg1pi61H49DZe: 
2024-11-02 20:57:16,161 - ERROR - Error processing pair 9YZyfNHBTizRxkNaLmBv7m3r62kjfETfFvNXEkxKiRt7: 
2024-11-02 20:57:16,161 - INFO - 
Found 0 unique wallet addresses to analyze
2024-11-02 20:57:16,161 - INFO - 
================================================================================
2024-11-02 20:57:16,161 - INFO - WALLET DISCOVERY SUMMARY
2024-11-02 20:57:16,161 - INFO - ================================================================================
2024-11-02 20:57:16,161 - INFO - 
Analyzed 0 unique wallets
2024-11-02 20:57:16,161 - INFO - Discovered 0 profitable wallets
2024-11-02 20:57:16,162 - INFO - 
No wallets met the profitability criteria
2024-11-02 20:57:16,164 - INFO - 
Detailed research results saved to: logs/research_20241102_205716.json
2024-11-02 20:57:16,165 - INFO - Research completed successfully
2024-11-02 20:57:16,165 - INFO - Results have been saved to the logs directory
2024-11-02 20:57:16,165 - INFO - Bot shutdown complete
